<?xml version="1.0" encoding="UTF-8"?>
<!-- Generated by org.testng.reporters.JUnitXMLReporter -->
<testsuite hostname="PC_MADRID" name="Default test" tests="7" failures="0" timestamp="25 Jun 2017 19:51:18 GMT" time="0.078" errors="0">
  <testcase name="testFindFlights" time="0.015" classname="tests.TestSearch"/>
  <testcase name="testFindFlights" time="0.0" classname="tests.TestSearch"/>
  <testcase name="testFindFlights" time="0.0" classname="tests.TestSearch"/>
  <testcase name="testFindFlights" time="0.0" classname="tests.TestSearch"/>
  <testcase name="testFindFlights" time="0.0" classname="tests.TestSearch"/>
  <testcase name="testFindFlights" time="0.0" classname="tests.TestSearch"/>
  <testcase name="testFindFlights" time="0.0" classname="tests.TestSearch"/>
</testsuite> <!-- Default test -->
