<?xml version="1.0" encoding="UTF-8"?>
<!-- Generated by org.testng.reporters.JUnitXMLReporter -->
<testsuite hostname="PC_MADRID" name="Test" tests="16" failures="0" timestamp="25 Jun 2017 20:17:51 GMT" time="0.12" errors="0">
  <testcase name="testDaoFlightsImpl" time="0.009" classname="tests.TestDaoFLightsImpl"/>
  <testcase name="testGetList" time="0.002" classname="tests.TestDaoFLightsImpl"/>
  <testcase name="testGetFlights" time="0.039" classname="tests.TestDaoFLightsImpl"/>
  <testcase name="testGetFlights" time="0.002" classname="tests.TestDaoFLightsImpl"/>
  <testcase name="testGetFlights" time="0.002" classname="tests.TestDaoFLightsImpl"/>
  <testcase name="testGetFlights" time="0.001" classname="tests.TestDaoFLightsImpl"/>
  <testcase name="testGetFlights" time="0.001" classname="tests.TestDaoFLightsImpl"/>
  <testcase name="testGetFlights" time="0.001" classname="tests.TestDaoFLightsImpl"/>
  <testcase name="testGetFlights" time="0.001" classname="tests.TestDaoFLightsImpl"/>
  <testcase name="testFindFlights" time="0.003" classname="tests.TestSearch"/>
  <testcase name="testFindFlights" time="0.001" classname="tests.TestSearch"/>
  <testcase name="testFindFlights" time="0.001" classname="tests.TestSearch"/>
  <testcase name="testFindFlights" time="0.001" classname="tests.TestSearch"/>
  <testcase name="testFindFlights" time="0.001" classname="tests.TestSearch"/>
  <testcase name="testFindFlights" time="0.001" classname="tests.TestSearch"/>
  <testcase name="testFindFlights" time="0.001" classname="tests.TestSearch"/>
</testsuite> <!-- Test -->
