<?xml version="1.0" encoding="UTF-8"?>
<!-- Generated by org.testng.reporters.JUnitXMLReporter -->
<testsuite hostname="PC_MADRID" name="Test" tests="16" failures="0" timestamp="25 Jun 2017 18:45:48 GMT" time="0.125" errors="0">
  <testcase name="testDaoFlightsImpl" time="0.016" classname="tests.TestDaoFLightsImpl"/>
  <testcase name="testGetList" time="0.0" classname="tests.TestDaoFLightsImpl"/>
  <testcase name="testGetFlights" time="0.047" classname="tests.TestDaoFLightsImpl"/>
  <testcase name="testGetFlights" time="0.0" classname="tests.TestDaoFLightsImpl"/>
  <testcase name="testGetFlights" time="0.0" classname="tests.TestDaoFLightsImpl"/>
  <testcase name="testGetFlights" time="0.0" classname="tests.TestDaoFLightsImpl"/>
  <testcase name="testGetFlights" time="0.0" classname="tests.TestDaoFLightsImpl"/>
  <testcase name="testGetFlights" time="0.015" classname="tests.TestDaoFLightsImpl"/>
  <testcase name="testGetFlights" time="0.0" classname="tests.TestDaoFLightsImpl"/>
  <testcase name="testFindFlights" time="0.0" classname="tests.TestSearch"/>
  <testcase name="testFindFlights" time="0.0" classname="tests.TestSearch"/>
  <testcase name="testFindFlights" time="0.0" classname="tests.TestSearch"/>
  <testcase name="testFindFlights" time="0.0" classname="tests.TestSearch"/>
  <testcase name="testFindFlights" time="0.0" classname="tests.TestSearch"/>
  <testcase name="testFindFlights" time="0.0" classname="tests.TestSearch"/>
  <testcase name="testFindFlights" time="0.0" classname="tests.TestSearch"/>
</testsuite> <!-- Test -->
