<?xml version="1.0" encoding="UTF-8"?>
<testng-results skipped="0" failed="0" total="16" passed="16">
  <reporter-output>
  </reporter-output>
  <suite name="Test LastMinute suite" duration-ms="125" started-at="2017-06-25T18:45:48Z" finished-at="2017-06-25T18:45:48Z">
    <groups>
    </groups>
    <test name="Test" duration-ms="125" started-at="2017-06-25T18:45:48Z" finished-at="2017-06-25T18:45:48Z">
      <class name="tests.TestSearch">
        <test-method status="PASS" signature="inicializar()[pri:0, instance:tests.TestSearch@4d3167f4]" name="inicializar" is-config="true" duration-ms="15" started-at="2017-06-25T20:45:48Z" finished-at="2017-06-25T20:45:48Z">
          <reporter-output>
          </reporter-output>
        </test-method> <!-- inicializar -->
        <test-method status="PASS" signature="testFindFlights(java.lang.String, java.lang.String, int, int, int, int, java.util.List)[pri:0, instance:tests.TestSearch@4d3167f4]" name="testFindFlights" duration-ms="0" started-at="2017-06-25T20:45:48Z" data-provider="dpValores" finished-at="2017-06-25T20:45:48Z">
          <params>
            <param index="0">
              <value>
                <![CDATA[AMS]]>
              </value>
            </param>
            <param index="1">
              <value>
                <![CDATA[FRA]]>
              </value>
            </param>
            <param index="2">
              <value>
                <![CDATA[31]]>
              </value>
            </param>
            <param index="3">
              <value>
                <![CDATA[1]]>
              </value>
            </param>
            <param index="4">
              <value>
                <![CDATA[0]]>
              </value>
            </param>
            <param index="5">
              <value>
                <![CDATA[0]]>
              </value>
            </param>
            <param index="6">
              <value>
                <![CDATA[[Result [airline=TK2372, price=157.60], Result [airline=TK2659, price=198.40], Result [airline=LH5909, price=90.40]]]]>
              </value>
            </param>
          </params>
          <reporter-output>
          </reporter-output>
        </test-method> <!-- testFindFlights -->
        <test-method status="PASS" signature="testFindFlights(java.lang.String, java.lang.String, int, int, int, int, java.util.List)[pri:0, instance:tests.TestSearch@4d3167f4]" name="testFindFlights" duration-ms="0" started-at="2017-06-25T20:45:48Z" data-provider="dpValores" finished-at="2017-06-25T20:45:48Z">
          <params>
            <param index="0">
              <value>
                <![CDATA[BCN]]>
              </value>
            </param>
            <param index="1">
              <value>
                <![CDATA[MAD]]>
              </value>
            </param>
            <param index="2">
              <value>
                <![CDATA[2]]>
              </value>
            </param>
            <param index="3">
              <value>
                <![CDATA[1]]>
              </value>
            </param>
            <param index="4">
              <value>
                <![CDATA[2]]>
              </value>
            </param>
            <param index="5">
              <value>
                <![CDATA[0]]>
              </value>
            </param>
            <param index="6">
              <value>
                <![CDATA[[Result [airline=IB2171, price=909.10], Result [airline=LH5496, price=1028.44]]]]>
              </value>
            </param>
          </params>
          <reporter-output>
          </reporter-output>
        </test-method> <!-- testFindFlights -->
        <test-method status="PASS" signature="testFindFlights(java.lang.String, java.lang.String, int, int, int, int, java.util.List)[pri:0, instance:tests.TestSearch@4d3167f4]" name="testFindFlights" duration-ms="0" started-at="2017-06-25T20:45:48Z" data-provider="dpValores" finished-at="2017-06-25T20:45:48Z">
          <params>
            <param index="0">
              <value>
                <![CDATA[LHR]]>
              </value>
            </param>
            <param index="1">
              <value>
                <![CDATA[IST]]>
              </value>
            </param>
            <param index="2">
              <value>
                <![CDATA[15]]>
              </value>
            </param>
            <param index="3">
              <value>
                <![CDATA[2]]>
              </value>
            </param>
            <param index="4">
              <value>
                <![CDATA[1]]>
              </value>
            </param>
            <param index="5">
              <value>
                <![CDATA[1]]>
              </value>
            </param>
            <param index="6">
              <value>
                <![CDATA[[Result [airline=TK8891, price=806.00], Result [airline=LH1085, price=481.19]]]]>
              </value>
            </param>
          </params>
          <reporter-output>
          </reporter-output>
        </test-method> <!-- testFindFlights -->
        <test-method status="PASS" signature="testFindFlights(java.lang.String, java.lang.String, int, int, int, int, java.util.List)[pri:0, instance:tests.TestSearch@4d3167f4]" name="testFindFlights" duration-ms="0" started-at="2017-06-25T20:45:48Z" data-provider="dpValores" finished-at="2017-06-25T20:45:48Z">
          <params>
            <param index="0">
              <value is-null="true"/>
            </param>
            <param index="1">
              <value>
                <![CDATA[MAD]]>
              </value>
            </param>
            <param index="2">
              <value>
                <![CDATA[31]]>
              </value>
            </param>
            <param index="3">
              <value>
                <![CDATA[1]]>
              </value>
            </param>
            <param index="4">
              <value>
                <![CDATA[2]]>
              </value>
            </param>
            <param index="5">
              <value>
                <![CDATA[0]]>
              </value>
            </param>
            <param index="6">
              <value>
                <![CDATA[[]]]>
              </value>
            </param>
          </params>
          <reporter-output>
          </reporter-output>
        </test-method> <!-- testFindFlights -->
        <test-method status="PASS" signature="testFindFlights(java.lang.String, java.lang.String, int, int, int, int, java.util.List)[pri:0, instance:tests.TestSearch@4d3167f4]" name="testFindFlights" duration-ms="0" started-at="2017-06-25T20:45:48Z" data-provider="dpValores" finished-at="2017-06-25T20:45:48Z">
          <params>
            <param index="0">
              <value>
                <![CDATA[BCN]]>
              </value>
            </param>
            <param index="1">
              <value is-null="true"/>
            </param>
            <param index="2">
              <value>
                <![CDATA[31]]>
              </value>
            </param>
            <param index="3">
              <value>
                <![CDATA[1]]>
              </value>
            </param>
            <param index="4">
              <value>
                <![CDATA[2]]>
              </value>
            </param>
            <param index="5">
              <value>
                <![CDATA[0]]>
              </value>
            </param>
            <param index="6">
              <value>
                <![CDATA[[]]]>
              </value>
            </param>
          </params>
          <reporter-output>
          </reporter-output>
        </test-method> <!-- testFindFlights -->
        <test-method status="PASS" signature="testFindFlights(java.lang.String, java.lang.String, int, int, int, int, java.util.List)[pri:0, instance:tests.TestSearch@4d3167f4]" name="testFindFlights" duration-ms="0" started-at="2017-06-25T20:45:48Z" data-provider="dpValores" finished-at="2017-06-25T20:45:48Z">
          <params>
            <param index="0">
              <value>
                <![CDATA[CDG]]>
              </value>
            </param>
            <param index="1">
              <value>
                <![CDATA[FRA]]>
              </value>
            </param>
            <param index="2">
              <value>
                <![CDATA[31]]>
              </value>
            </param>
            <param index="3">
              <value>
                <![CDATA[1]]>
              </value>
            </param>
            <param index="4">
              <value>
                <![CDATA[0]]>
              </value>
            </param>
            <param index="5">
              <value>
                <![CDATA[0]]>
              </value>
            </param>
            <param index="6">
              <value>
                <![CDATA[[]]]>
              </value>
            </param>
          </params>
          <reporter-output>
          </reporter-output>
        </test-method> <!-- testFindFlights -->
        <test-method status="PASS" signature="testFindFlights(java.lang.String, java.lang.String, int, int, int, int, java.util.List)[pri:0, instance:tests.TestSearch@4d3167f4]" name="testFindFlights" duration-ms="0" started-at="2017-06-25T20:45:48Z" data-provider="dpValores" finished-at="2017-06-25T20:45:48Z">
          <params>
            <param index="0">
              <value is-null="true"/>
            </param>
            <param index="1">
              <value is-null="true"/>
            </param>
            <param index="2">
              <value>
                <![CDATA[31]]>
              </value>
            </param>
            <param index="3">
              <value>
                <![CDATA[1]]>
              </value>
            </param>
            <param index="4">
              <value>
                <![CDATA[2]]>
              </value>
            </param>
            <param index="5">
              <value>
                <![CDATA[0]]>
              </value>
            </param>
            <param index="6">
              <value>
                <![CDATA[[]]]>
              </value>
            </param>
          </params>
          <reporter-output>
          </reporter-output>
        </test-method> <!-- testFindFlights -->
      </class> <!-- tests.TestSearch -->
      <class name="tests.TestDaoFLightsImpl">
        <test-method status="PASS" signature="testDaoFlightsImpl()[pri:0, instance:tests.TestDaoFLightsImpl@5ed828d]" name="testDaoFlightsImpl" duration-ms="16" started-at="2017-06-25T20:45:48Z" finished-at="2017-06-25T20:45:48Z">
          <reporter-output>
          </reporter-output>
        </test-method> <!-- testDaoFlightsImpl -->
        <test-method status="PASS" signature="testGetList()[pri:0, instance:tests.TestDaoFLightsImpl@5ed828d]" name="testGetList" duration-ms="0" started-at="2017-06-25T20:45:48Z" depends-on-methods="tests.TestDaoFLightsImpl.testDaoFlightsImpl" finished-at="2017-06-25T20:45:48Z">
          <reporter-output>
          </reporter-output>
        </test-method> <!-- testGetList -->
        <test-method status="PASS" signature="testGetFlights(java.lang.String, java.lang.String, java.util.List)[pri:0, instance:tests.TestDaoFLightsImpl@5ed828d]" name="testGetFlights" duration-ms="47" started-at="2017-06-25T20:45:48Z" data-provider="dp" depends-on-methods="tests.TestDaoFLightsImpl.testGetList" finished-at="2017-06-25T20:45:48Z">
          <params>
            <param index="0">
              <value>
                <![CDATA[AMS]]>
              </value>
            </param>
            <param index="1">
              <value>
                <![CDATA[FRA]]>
              </value>
            </param>
            <param index="2">
              <value>
                <![CDATA[[Flight [origin=AMS, destination=FRA, flightCode=TK2372, price=197.00], Flight [origin=AMS, destination=FRA, flightCode=TK2659, price=248.00], Flight [origin=AMS, destination=FRA, flightCode=LH5909, price=113.00]]]]>
              </value>
            </param>
          </params>
          <reporter-output>
          </reporter-output>
        </test-method> <!-- testGetFlights -->
        <test-method status="PASS" signature="testGetFlights(java.lang.String, java.lang.String, java.util.List)[pri:0, instance:tests.TestDaoFLightsImpl@5ed828d]" name="testGetFlights" duration-ms="0" started-at="2017-06-25T20:45:48Z" data-provider="dp" depends-on-methods="tests.TestDaoFLightsImpl.testGetList" finished-at="2017-06-25T20:45:48Z">
          <params>
            <param index="0">
              <value>
                <![CDATA[BCN]]>
              </value>
            </param>
            <param index="1">
              <value is-null="true"/>
            </param>
            <param index="2">
              <value>
                <![CDATA[[]]]>
              </value>
            </param>
          </params>
          <reporter-output>
          </reporter-output>
        </test-method> <!-- testGetFlights -->
        <test-method status="PASS" signature="testGetFlights(java.lang.String, java.lang.String, java.util.List)[pri:0, instance:tests.TestDaoFLightsImpl@5ed828d]" name="testGetFlights" duration-ms="0" started-at="2017-06-25T20:45:48Z" data-provider="dp" depends-on-methods="tests.TestDaoFLightsImpl.testGetList" finished-at="2017-06-25T20:45:48Z">
          <params>
            <param index="0">
              <value>
                <![CDATA[BCN]]>
              </value>
            </param>
            <param index="1">
              <value>
                <![CDATA[MAD]]>
              </value>
            </param>
            <param index="2">
              <value>
                <![CDATA[[Flight [origin=BCN, destination=MAD, flightCode=IB2171, price=259.00], Flight [origin=BCN, destination=MAD, flightCode=LH5496, price=293.00]]]]>
              </value>
            </param>
          </params>
          <reporter-output>
          </reporter-output>
        </test-method> <!-- testGetFlights -->
        <test-method status="PASS" signature="testGetFlights(java.lang.String, java.lang.String, java.util.List)[pri:0, instance:tests.TestDaoFLightsImpl@5ed828d]" name="testGetFlights" duration-ms="0" started-at="2017-06-25T20:45:48Z" data-provider="dp" depends-on-methods="tests.TestDaoFLightsImpl.testGetList" finished-at="2017-06-25T20:45:48Z">
          <params>
            <param index="0">
              <value>
                <![CDATA[CDG]]>
              </value>
            </param>
            <param index="1">
              <value>
                <![CDATA[FRA]]>
              </value>
            </param>
            <param index="2">
              <value>
                <![CDATA[[]]]>
              </value>
            </param>
          </params>
          <reporter-output>
          </reporter-output>
        </test-method> <!-- testGetFlights -->
        <test-method status="PASS" signature="testGetFlights(java.lang.String, java.lang.String, java.util.List)[pri:0, instance:tests.TestDaoFLightsImpl@5ed828d]" name="testGetFlights" duration-ms="0" started-at="2017-06-25T20:45:48Z" data-provider="dp" depends-on-methods="tests.TestDaoFLightsImpl.testGetList" finished-at="2017-06-25T20:45:48Z">
          <params>
            <param index="0">
              <value>
                <![CDATA[LHR]]>
              </value>
            </param>
            <param index="1">
              <value>
                <![CDATA[IST]]>
              </value>
            </param>
            <param index="2">
              <value>
                <![CDATA[[Flight [origin=LHR, destination=IST, flightCode=TK8891, price=250.00], Flight [origin=LHR, destination=IST, flightCode=LH1085, price=148.00]]]]>
              </value>
            </param>
          </params>
          <reporter-output>
          </reporter-output>
        </test-method> <!-- testGetFlights -->
        <test-method status="PASS" signature="testGetFlights(java.lang.String, java.lang.String, java.util.List)[pri:0, instance:tests.TestDaoFLightsImpl@5ed828d]" name="testGetFlights" duration-ms="15" started-at="2017-06-25T20:45:48Z" data-provider="dp" depends-on-methods="tests.TestDaoFLightsImpl.testGetList" finished-at="2017-06-25T20:45:48Z">
          <params>
            <param index="0">
              <value is-null="true"/>
            </param>
            <param index="1">
              <value>
                <![CDATA[MAD]]>
              </value>
            </param>
            <param index="2">
              <value>
                <![CDATA[[]]]>
              </value>
            </param>
          </params>
          <reporter-output>
          </reporter-output>
        </test-method> <!-- testGetFlights -->
        <test-method status="PASS" signature="testGetFlights(java.lang.String, java.lang.String, java.util.List)[pri:0, instance:tests.TestDaoFLightsImpl@5ed828d]" name="testGetFlights" duration-ms="0" started-at="2017-06-25T20:45:48Z" data-provider="dp" depends-on-methods="tests.TestDaoFLightsImpl.testGetList" finished-at="2017-06-25T20:45:48Z">
          <params>
            <param index="0">
              <value is-null="true"/>
            </param>
            <param index="1">
              <value is-null="true"/>
            </param>
            <param index="2">
              <value>
                <![CDATA[[]]]>
              </value>
            </param>
          </params>
          <reporter-output>
          </reporter-output>
        </test-method> <!-- testGetFlights -->
      </class> <!-- tests.TestDaoFLightsImpl -->
    </test> <!-- Test -->
  </suite> <!-- Test LastMinute suite -->
</testng-results>
